Determining if the pthread_create exist failed with the following output:
Change Dir: /home/kzampog/Coding/CudaSift/cmake-build-debug/CMakeFiles/CMakeTmp

Run Build Command:"/usr/bin/make" "cmTC_a5836/fast"
/usr/bin/make -f CMakeFiles/cmTC_a5836.dir/build.make CMakeFiles/cmTC_a5836.dir/build
make[1]: Entering directory '/home/kzampog/Coding/CudaSift/cmake-build-debug/CMakeFiles/CMakeTmp'
Building C object CMakeFiles/cmTC_a5836.dir/CheckSymbolExists.c.o
/usr/bin/cc   -fPIC    -o CMakeFiles/cmTC_a5836.dir/CheckSymbolExists.c.o   -c /home/kzampog/Coding/CudaSift/cmake-build-debug/CMakeFiles/CMakeTmp/CheckSymbolExists.c
Linking C executable cmTC_a5836
/home/kzampog/clion-2017.1/bin/cmake/bin/cmake -E cmake_link_script CMakeFiles/cmTC_a5836.dir/link.txt --verbose=1
/usr/bin/cc -fPIC     -rdynamic CMakeFiles/cmTC_a5836.dir/CheckSymbolExists.c.o  -o cmTC_a5836 
CMakeFiles/cmTC_a5836.dir/CheckSymbolExists.c.o: In function `main':
CheckSymbolExists.c:(.text+0x1b): undefined reference to `pthread_create'
collect2: error: ld returned 1 exit status
CMakeFiles/cmTC_a5836.dir/build.make:97: recipe for target 'cmTC_a5836' failed
make[1]: *** [cmTC_a5836] Error 1
make[1]: Leaving directory '/home/kzampog/Coding/CudaSift/cmake-build-debug/CMakeFiles/CMakeTmp'
Makefile:126: recipe for target 'cmTC_a5836/fast' failed
make: *** [cmTC_a5836/fast] Error 2

File /home/kzampog/Coding/CudaSift/cmake-build-debug/CMakeFiles/CMakeTmp/CheckSymbolExists.c:
/* */
#include <pthread.h>

int main(int argc, char** argv)
{
  (void)argv;
#ifndef pthread_create
  return ((int*)(&pthread_create))[argc];
#else
  (void)argc;
  return 0;
#endif
}

Determining if the function pthread_create exists in the pthreads failed with the following output:
Change Dir: /home/kzampog/Coding/CudaSift/cmake-build-debug/CMakeFiles/CMakeTmp

Run Build Command:"/usr/bin/make" "cmTC_a344a/fast"
/usr/bin/make -f CMakeFiles/cmTC_a344a.dir/build.make CMakeFiles/cmTC_a344a.dir/build
make[1]: Entering directory '/home/kzampog/Coding/CudaSift/cmake-build-debug/CMakeFiles/CMakeTmp'
Building C object CMakeFiles/cmTC_a344a.dir/CheckFunctionExists.c.o
/usr/bin/cc   -fPIC -DCHECK_FUNCTION_EXISTS=pthread_create   -o CMakeFiles/cmTC_a344a.dir/CheckFunctionExists.c.o   -c /home/kzampog/clion-2017.1/bin/cmake/share/cmake-3.8/Modules/CheckFunctionExists.c
Linking C executable cmTC_a344a
/home/kzampog/clion-2017.1/bin/cmake/bin/cmake -E cmake_link_script CMakeFiles/cmTC_a344a.dir/link.txt --verbose=1
/usr/bin/cc -fPIC -DCHECK_FUNCTION_EXISTS=pthread_create    -rdynamic CMakeFiles/cmTC_a344a.dir/CheckFunctionExists.c.o  -o cmTC_a344a -lpthreads 
/usr/bin/ld: cannot find -lpthreads
collect2: error: ld returned 1 exit status
CMakeFiles/cmTC_a344a.dir/build.make:97: recipe for target 'cmTC_a344a' failed
make[1]: *** [cmTC_a344a] Error 1
make[1]: Leaving directory '/home/kzampog/Coding/CudaSift/cmake-build-debug/CMakeFiles/CMakeTmp'
Makefile:126: recipe for target 'cmTC_a344a/fast' failed
make: *** [cmTC_a344a/fast] Error 2


